2022-12-16 20:11:19,455 INFO  [Log] ***************** 
2022-12-16 20:11:19,455 INFO  [Log] ****************** 
2022-12-16 20:11:19,460 INFO  [Log] ############   My first test case is login test ################ 
2022-12-16 20:11:19,461 INFO  [Log] ****************** 
2022-12-16 20:11:19,461 INFO  [Log] ******************** 
2022-12-16 20:11:19,462 INFO  [Log] My login test is going on 
2022-12-16 20:11:19,462 INFO  [Log] My test case might be failed 
2022-12-16 20:11:22,391 INFO  [Log] My test case is about to complete 
2022-12-16 20:11:22,391 INFO  [Log] ################################## 
2022-12-16 20:11:22,391 INFO  [Log] ########################################## 
2022-12-16 20:11:22,391 INFO  [Log] ############   This is my login test case again ################ 
2022-12-16 20:11:22,391 INFO  [Log] ########################## 
2022-12-16 20:11:22,391 INFO  [Log] ########################################## 
2023-01-09 20:27:03,805 INFO  [Log] ***************** 
2023-01-09 20:27:03,806 INFO  [Log] ****************** 
2023-01-09 20:27:03,810 INFO  [Log] ############   My first test case is login test ################ 
2023-01-09 20:27:03,810 INFO  [Log] ****************** 
2023-01-09 20:27:03,810 INFO  [Log] ******************** 
2023-01-09 20:27:03,810 INFO  [Log] My login test is going on 
2023-01-09 20:27:03,810 INFO  [Log] My test case might be failed 
2023-01-09 20:27:11,216 INFO  [Log] My test case is about to complete 
2023-01-09 20:27:11,216 INFO  [Log] ################################## 
2023-01-09 20:27:11,216 INFO  [Log] ########################################## 
2023-01-09 20:27:11,216 INFO  [Log] ############   This is my login test case again ################ 
2023-01-09 20:27:11,216 INFO  [Log] ########################## 
2023-01-09 20:27:11,216 INFO  [Log] ########################################## 
2023-01-09 20:35:38,329 INFO  [Log] ***************** 
2023-01-09 20:35:38,330 INFO  [Log] ****************** 
2023-01-09 20:35:38,332 INFO  [Log] ############   My first test case is login test ################ 
2023-01-09 20:35:38,332 INFO  [Log] ****************** 
2023-01-09 20:35:38,332 INFO  [Log] ******************** 
2023-01-09 20:35:38,332 INFO  [Log] My login test is going on 
2023-01-09 20:35:38,332 INFO  [Log] My test case might be failed 
2023-01-09 20:35:46,118 INFO  [Log] My test case is about to complete 
2023-01-09 20:35:46,119 INFO  [Log] ################################## 
2023-01-09 20:35:46,119 INFO  [Log] ########################################## 
2023-01-09 20:35:46,119 INFO  [Log] ############   This is my login test case again ################ 
2023-01-09 20:35:46,119 INFO  [Log] ########################## 
2023-01-09 20:35:46,119 INFO  [Log] ########################################## 
2023-01-09 20:39:28,657 INFO  [Log] ***************** 
2023-01-09 20:39:28,658 INFO  [Log] ****************** 
2023-01-09 20:39:28,660 INFO  [Log] ############   My first test case is login test ################ 
2023-01-09 20:39:28,660 INFO  [Log] ****************** 
2023-01-09 20:39:28,660 INFO  [Log] ******************** 
2023-01-09 20:39:28,660 INFO  [Log] My login test is going on 
2023-01-09 20:39:28,660 INFO  [Log] My test case might be failed 
2023-01-09 20:39:35,962 INFO  [Log] My test case is about to complete 
2023-01-09 20:39:35,962 INFO  [Log] ################################## 
2023-01-09 20:39:35,962 INFO  [Log] ########################################## 
2023-01-09 20:39:35,962 INFO  [Log] ############   This is my login test case again ################ 
2023-01-09 20:39:35,962 INFO  [Log] ########################## 
2023-01-09 20:39:35,962 INFO  [Log] ########################################## 
2023-01-09 22:56:48,856 INFO  [Log] ***************** 
2023-01-09 22:56:48,856 INFO  [Log] ****************** 
2023-01-09 22:56:48,859 INFO  [Log] ############   My first test case is login test ################ 
2023-01-09 22:56:48,859 INFO  [Log] ****************** 
2023-01-09 22:56:48,859 INFO  [Log] ******************** 
2023-01-09 22:56:48,859 INFO  [Log] My login test is going on 
2023-01-09 22:56:48,859 INFO  [Log] My test case might be failed 
2023-01-09 22:56:56,529 INFO  [Log] My test case is about to complete 
2023-01-09 22:56:56,530 INFO  [Log] ################################## 
2023-01-09 22:56:56,530 INFO  [Log] ########################################## 
2023-01-09 22:56:56,530 INFO  [Log] ############   This is my login test case again ################ 
2023-01-09 22:56:56,530 INFO  [Log] ########################## 
2023-01-09 22:56:56,530 INFO  [Log] ########################################## 
2023-01-09 23:20:08,108 INFO  [Log] ***************** 
2023-01-09 23:20:08,108 INFO  [Log] ****************** 
2023-01-09 23:20:08,111 INFO  [Log] ############   My first test case is login test ################ 
2023-01-09 23:20:08,111 INFO  [Log] ****************** 
2023-01-09 23:20:08,111 INFO  [Log] ******************** 
2023-01-09 23:20:08,111 INFO  [Log] My login test is going on 
2023-01-09 23:20:08,111 INFO  [Log] My test case might be failed 
2023-01-09 23:20:14,903 INFO  [Log] My test case is about to complete 
2023-01-09 23:20:14,903 INFO  [Log] ################################## 
2023-01-09 23:20:14,903 INFO  [Log] ########################################## 
2023-01-09 23:20:14,903 INFO  [Log] ############   This is my login test case again ################ 
2023-01-09 23:20:14,903 INFO  [Log] ########################## 
2023-01-09 23:20:14,903 INFO  [Log] ########################################## 
